d:\dropbox\northwestern university\my research\matlab\matlab gui\myvna_matlab\accessmyvnav0.7\debug\accessmyvnadll.lib
d:\dropbox\northwestern university\my research\matlab\matlab gui\myvna_matlab\accessmyvnav0.7\debug\accessmyvnadll.exp
d:\dropbox\northwestern university\my research\matlab\matlab gui\myvna_matlab\accessmyvnav0.7\accessmyvnadll\debug\accessmyvnadll.pch
d:\dropbox\northwestern university\my research\matlab\matlab gui\myvna_matlab\accessmyvnav0.7\accessmyvnadll\debug\vc120.pdb
d:\dropbox\northwestern university\my research\matlab\matlab gui\myvna_matlab\accessmyvnav0.7\accessmyvnadll\debug\vc120.idb
d:\dropbox\northwestern university\my research\matlab\matlab gui\myvna_matlab\accessmyvnav0.7\accessmyvnadll\debug\stdafx.obj
d:\dropbox\northwestern university\my research\matlab\matlab gui\myvna_matlab\accessmyvnav0.7\accessmyvnadll\debug\accessmyvnadll.obj
d:\dropbox\northwestern university\my research\matlab\matlab gui\myvna_matlab\accessmyvnav0.7\debug\accessmyvnadll.ilk
d:\dropbox\northwestern university\my research\matlab\matlab gui\myvna_matlab\accessmyvnav0.7\debug\accessmyvnadll.dll
d:\dropbox\northwestern university\my research\matlab\matlab gui\myvna_matlab\accessmyvnav0.7\debug\accessmyvnadll.pdb
d:\dropbox\northwestern university\my research\matlab\matlab gui\myvna_matlab\accessmyvnav0.7\accessmyvnadll\debug\accessmyvnadll.res
d:\dropbox\northwestern university\my research\matlab\matlab gui\myvna_matlab\accessmyvnav0.7\accessmyvnadll\debug\accessmyvnadll.tlog\accessmyvnadll.write.1u.tlog
d:\dropbox\northwestern university\my research\matlab\matlab gui\myvna_matlab\accessmyvnav0.7\accessmyvnadll\debug\accessmyvnadll.tlog\cl.command.1.tlog
d:\dropbox\northwestern university\my research\matlab\matlab gui\myvna_matlab\accessmyvnav0.7\accessmyvnadll\debug\accessmyvnadll.tlog\cl.read.1.tlog
d:\dropbox\northwestern university\my research\matlab\matlab gui\myvna_matlab\accessmyvnav0.7\accessmyvnadll\debug\accessmyvnadll.tlog\cl.write.1.tlog
d:\dropbox\northwestern university\my research\matlab\matlab gui\myvna_matlab\accessmyvnav0.7\accessmyvnadll\debug\accessmyvnadll.tlog\link.command.1.tlog
d:\dropbox\northwestern university\my research\matlab\matlab gui\myvna_matlab\accessmyvnav0.7\accessmyvnadll\debug\accessmyvnadll.tlog\link.read.1.tlog
d:\dropbox\northwestern university\my research\matlab\matlab gui\myvna_matlab\accessmyvnav0.7\accessmyvnadll\debug\accessmyvnadll.tlog\link.write.1.tlog
d:\dropbox\northwestern university\my research\matlab\matlab gui\myvna_matlab\accessmyvnav0.7\accessmyvnadll\debug\accessmyvnadll.tlog\rc.command.1.tlog
d:\dropbox\northwestern university\my research\matlab\matlab gui\myvna_matlab\accessmyvnav0.7\accessmyvnadll\debug\accessmyvnadll.tlog\rc.read.1.tlog
d:\dropbox\northwestern university\my research\matlab\matlab gui\myvna_matlab\accessmyvnav0.7\accessmyvnadll\debug\accessmyvnadll.tlog\rc.write.1.tlog
