Build started 10/22/15 4:43:57 PM.
     1>Project "D:\Dropbox\Northwestern University\My Research\MATLAB\MATLAB GUI\myvna_matlab\AccessMyVNAv0.7\AccessMyVNA\AccessMyVNA.vcxproj" on node 2 (Build target(s)).
     1>ClCompile:
         D:\Program files\Microsoft Visual Studio 12.0\VC\bin\CL.exe /c /Zi /nologo /W3 /WX- /O2 /Oy- /GL /D WIN32 /D _WINDOWS /D NDEBUG /D _UNICODE /D UNICODE /D _AFXDLL /Gm- /EHsc /MD /GS /fp:precise /Zc:wchar_t /Zc:forScope /Yc"stdafx.h" /Fp"Release\AccessMyVNA.pch" /Fo"Release\\" /Fd"Release\vc120.pdb" /Gd /TP /analyze- /errorReport:prompt stdafx.cpp
         stdafx.cpp
         D:\Program files\Microsoft Visual Studio 12.0\VC\bin\CL.exe /c /Zi /nologo /W3 /WX- /O2 /Oy- /GL /D WIN32 /D _WINDOWS /D NDEBUG /D _UNICODE /D UNICODE /D _AFXDLL /Gm- /EHsc /MD /GS /fp:precise /Zc:wchar_t /Zc:forScope /Yu"stdafx.h" /Fp"Release\AccessMyVNA.pch" /Fo"Release\\" /Fd"Release\vc120.pdb" /Gd /TP /analyze- /errorReport:prompt AccessMyVNA.cpp AccessMyVNADlg.cpp
         AccessMyVNA.cpp
         AccessMyVNADlg.cpp
     1>AccessMyVNADlg.cpp(1206): warning C4101: 'success' : unreferenced local variable
       ResourceCompile:
         C:\Program Files (x86)\Windows Kits\8.1\bin\x86\rc.exe /D NDEBUG /D _UNICODE /D UNICODE /D _AFXDLL /l"0x0409" /IRelease\ /nologo /fo"Release\AccessMyVNA.res" AccessMyVNA.rc 
       Link:
         D:\Program files\Microsoft Visual Studio 12.0\VC\bin\link.exe /ERRORREPORT:PROMPT /OUT:"D:\Dropbox\Northwestern University\My Research\MATLAB\MATLAB GUI\myvna_matlab\AccessMyVNAv0.7\Release\AccessMyVNA.exe" /INCREMENTAL:NO /NOLOGO /MANIFEST /MANIFESTUAC:"level='asInvoker' uiAccess='false'" /manifest:embed /manifestinput:"D:\Program files\Microsoft Visual Studio 12.0\VC\Include\Manifest\dpiaware.manifest" /DEBUG /PDB:"D:\Dropbox\Northwestern University\My Research\MATLAB\MATLAB GUI\myvna_matlab\AccessMyVNAv0.7\Release\AccessMyVNA.pdb" /SUBSYSTEM:WINDOWS /OPT:REF /OPT:ICF /LTCG /TLBID:1 /ENTRY:"wWinMainCRTStartup" /DYNAMICBASE /NXCOMPAT /IMPLIB:"D:\Dropbox\Northwestern University\My Research\MATLAB\MATLAB GUI\myvna_matlab\AccessMyVNAv0.7\Release\AccessMyVNA.lib" /MACHINE:X86 /SAFESEH Release\AccessMyVNA.res
         Release\AccessMyVNA.obj
         Release\AccessMyVNADlg.obj
         Release\stdafx.obj
         "D:\Dropbox\Northwestern University\My Research\MATLAB\MATLAB GUI\myvna_matlab\AccessMyVNAv0.7\Release\AccessMyVNAdll.lib"
         Generating code
         Finished generating code
         AccessMyVNA.vcxproj -> D:\Dropbox\Northwestern University\My Research\MATLAB\MATLAB GUI\myvna_matlab\AccessMyVNAv0.7\Release\AccessMyVNA.exe
     1>Done Building Project "D:\Dropbox\Northwestern University\My Research\MATLAB\MATLAB GUI\myvna_matlab\AccessMyVNAv0.7\AccessMyVNA\AccessMyVNA.vcxproj" (Build target(s)).

Build succeeded.

Time Elapsed 00:00:03.49
