d:\dropbox\northwestern university\my research\matlab\matlab gui\myvna_matlab\accessmyvnav0.7\release\accessmyvnadll.lib
d:\dropbox\northwestern university\my research\matlab\matlab gui\myvna_matlab\accessmyvnav0.7\release\accessmyvnadll.exp
d:\dropbox\northwestern university\my research\matlab\matlab gui\myvna_matlab\accessmyvnav0.7\accessmyvnadll\release\accessmyvnadll.pch
d:\dropbox\northwestern university\my research\matlab\matlab gui\myvna_matlab\accessmyvnav0.7\accessmyvnadll\release\vc120.pdb
d:\dropbox\northwestern university\my research\matlab\matlab gui\myvna_matlab\accessmyvnav0.7\accessmyvnadll\release\stdafx.obj
d:\dropbox\northwestern university\my research\matlab\matlab gui\myvna_matlab\accessmyvnav0.7\accessmyvnadll\release\accessmyvnadll.obj
d:\dropbox\northwestern university\my research\matlab\matlab gui\myvna_matlab\accessmyvnav0.7\release\accessmyvnadll.dll
d:\dropbox\northwestern university\my research\matlab\matlab gui\myvna_matlab\accessmyvnav0.7\release\accessmyvnadll.pdb
d:\dropbox\northwestern university\my research\matlab\matlab gui\myvna_matlab\accessmyvnav0.7\accessmyvnadll\release\accessmyvnadll.res
d:\dropbox\northwestern university\my research\matlab\matlab gui\myvna_matlab\accessmyvnav0.7\release\accessmyvnadll.ilk
d:\dropbox\northwestern university\my research\matlab\matlab gui\myvna_matlab\accessmyvnav0.7\accessmyvnadll\release\accessmyvnadll.tlog\accessmyvnadll.write.1u.tlog
d:\dropbox\northwestern university\my research\matlab\matlab gui\myvna_matlab\accessmyvnav0.7\accessmyvnadll\release\accessmyvnadll.tlog\cl.command.1.tlog
d:\dropbox\northwestern university\my research\matlab\matlab gui\myvna_matlab\accessmyvnav0.7\accessmyvnadll\release\accessmyvnadll.tlog\cl.read.1.tlog
d:\dropbox\northwestern university\my research\matlab\matlab gui\myvna_matlab\accessmyvnav0.7\accessmyvnadll\release\accessmyvnadll.tlog\cl.write.1.tlog
d:\dropbox\northwestern university\my research\matlab\matlab gui\myvna_matlab\accessmyvnav0.7\accessmyvnadll\release\accessmyvnadll.tlog\link.command.1.tlog
d:\dropbox\northwestern university\my research\matlab\matlab gui\myvna_matlab\accessmyvnav0.7\accessmyvnadll\release\accessmyvnadll.tlog\link.read.1.tlog
d:\dropbox\northwestern university\my research\matlab\matlab gui\myvna_matlab\accessmyvnav0.7\accessmyvnadll\release\accessmyvnadll.tlog\link.write.1.tlog
d:\dropbox\northwestern university\my research\matlab\matlab gui\myvna_matlab\accessmyvnav0.7\accessmyvnadll\release\accessmyvnadll.tlog\rc.command.1.tlog
d:\dropbox\northwestern university\my research\matlab\matlab gui\myvna_matlab\accessmyvnav0.7\accessmyvnadll\release\accessmyvnadll.tlog\rc.read.1.tlog
d:\dropbox\northwestern university\my research\matlab\matlab gui\myvna_matlab\accessmyvnav0.7\accessmyvnadll\release\accessmyvnadll.tlog\rc.write.1.tlog
