Build started 10/22/15 4:43:54 PM.
     1>Project "D:\Dropbox\Northwestern University\My Research\MATLAB\MATLAB GUI\myvna_matlab\AccessMyVNAv0.7\AccessMyVNAdll\AccessMyVNAdll.vcxproj" on node 2 (Build target(s)).
     1>ClCompile:
         D:\Program files\Microsoft Visual Studio 12.0\VC\bin\CL.exe /c /Zi /nologo /W3 /WX- /O2 /Oy- /GL /D WIN32 /D _WINDOWS /D NDEBUG /D _USRDLL /D _WINDLL /D _UNICODE /D UNICODE /D _AFXDLL /Gm- /EHsc /MD /GS /fp:precise /Zc:wchar_t /Zc:forScope /Yc"stdafx.h" /Fp"Release\AccessMyVNAdll.pch" /Fo"Release\\" /Fd"Release\vc120.pdb" /Gd /TP /analyze- /errorReport:prompt stdafx.cpp
         stdafx.cpp
         D:\Program files\Microsoft Visual Studio 12.0\VC\bin\CL.exe /c /Zi /nologo /W3 /WX- /O2 /Oy- /GL /D WIN32 /D _WINDOWS /D NDEBUG /D _USRDLL /D _WINDLL /D _UNICODE /D UNICODE /D _AFXDLL /Gm- /EHsc /MD /GS /fp:precise /Zc:wchar_t /Zc:forScope /Yu"stdafx.h" /Fp"Release\AccessMyVNAdll.pch" /Fo"Release\\" /Fd"Release\vc120.pdb" /Gd /TP /analyze- /errorReport:prompt AccessMyVNAdll.cpp
         AccessMyVNAdll.cpp
       ResourceCompile:
         C:\Program Files (x86)\Windows Kits\8.1\bin\x86\rc.exe /D NDEBUG /D _UNICODE /D UNICODE /D _AFXDLL /l"0x0409" /IRelease\ /nologo /fo"Release\AccessMyVNAdll.res" AccessMyVNAdll.rc 
       Link:
         D:\Program files\Microsoft Visual Studio 12.0\VC\bin\link.exe /ERRORREPORT:PROMPT /OUT:"D:\Dropbox\Northwestern University\My Research\MATLAB\MATLAB GUI\myvna_matlab\AccessMyVNAv0.7\Release\AccessMyVNAdll.dll" /INCREMENTAL:NO /NOLOGO /DEF:".\AccessMyVNAdll.def" /MANIFEST /MANIFESTUAC:"level='asInvoker' uiAccess='false'" /manifest:embed /manifestinput:"D:\Program files\Microsoft Visual Studio 12.0\VC\Include\Manifest\dpiaware.manifest" /DEBUG /PDB:"D:\Dropbox\Northwestern University\My Research\MATLAB\MATLAB GUI\myvna_matlab\AccessMyVNAv0.7\Release\AccessMyVNAdll.pdb" /SUBSYSTEM:WINDOWS /OPT:REF /OPT:ICF /LTCG /TLBID:1 /DYNAMICBASE /NXCOMPAT /IMPLIB:"D:\Dropbox\Northwestern University\My Research\MATLAB\MATLAB GUI\myvna_matlab\AccessMyVNAv0.7\Release\AccessMyVNAdll.lib" /MACHINE:X86 /SAFESEH /DLL Release\AccessMyVNAdll.res
         Release\AccessMyVNAdll.obj
         Release\stdafx.obj
            Creating library D:\Dropbox\Northwestern University\My Research\MATLAB\MATLAB GUI\myvna_matlab\AccessMyVNAv0.7\Release\AccessMyVNAdll.lib and object D:\Dropbox\Northwestern University\My Research\MATLAB\MATLAB GUI\myvna_matlab\AccessMyVNAv0.7\Release\AccessMyVNAdll.exp
         Generating code
         Finished generating code
         AccessMyVNAdll.vcxproj -> D:\Dropbox\Northwestern University\My Research\MATLAB\MATLAB GUI\myvna_matlab\AccessMyVNAv0.7\Release\AccessMyVNAdll.dll
     1>Done Building Project "D:\Dropbox\Northwestern University\My Research\MATLAB\MATLAB GUI\myvna_matlab\AccessMyVNAv0.7\AccessMyVNAdll\AccessMyVNAdll.vcxproj" (Build target(s)).

Build succeeded.

Time Elapsed 00:00:03.26
