#
# A fatal error has been detected by the Java Runtime Environment:
#
#  EXCEPTION_UNCAUGHT_CXX_EXCEPTION (0xe06d7363) at pc=0x000007fefdae940d, pid=26876, tid=16704
#
# JRE version: 7.0_11-b21
# Java VM: Java HotSpot(TM) 64-Bit Server VM (23.6-b04 mixed mode windows-amd64 compressed oops)
# Problematic frame:
# C  [KERNELBASE.dll+0x940d]
#
# Failed to write core dump. Minidumps are not enabled by default on client versions of Windows
#
# If you would like to submit a bug report, please visit:
#   http://bugreport.sun.com/bugreport/crash.jsp
# The crash happened outside the Java Virtual Machine in native code.
# See problematic frame for where to report the bug.
#

---------------  T H R E A D  ---------------

Current thread (0x0000000009a5e000):  JavaThread "AWT-EventQueue-0" [_thread_in_native, id=16704, stack(0x00000000b0000000,0x00000000b4000000)]

siginfo: ExceptionCode=0xe06d7363, ExceptionInformation=0x0000000019930520 0x00000000b3ffdf80 0x000000005cf99de0 0x000000005ce70000 

Registers:
RAX=0x00000000d6543f11, RBX=0x00000000b3ffdf80, RCX=0x00000000b3ffd800, RDX=0x00000000000000d0
RSP=0x00000000b3ffde10, RBP=0x00000000b3ffdf40, RSI=0x0000000009a5e1d8, RDI=0x000000005cf99de0
R8 =0x0000000000000000, R9 =0x0000000000000000, R10=0x000000005ce70000, R11=0x00000000b3ffde50
R12=0x0000000000000000, R13=0x00000000ff584b90, R14=0x00000000b3ffe028, R15=0x0000000009a5e000
RIP=0x000007fefdae940d, EFLAGS=0x0000000000000206

Top of Stack: (sp=0x00000000b3ffde10)
0x00000000b3ffde10:   00000000b3ffdf80 0000000009a5e1d8
0x00000000b3ffde20:   000000005cf99de0 000000005d1418d3
0x00000000b3ffde30:   00000001e06d7363 0000000000000000
0x00000000b3ffde40:   000007fefdae940d 0000000000000004
0x00000000b3ffde50:   0000000019930520 00000000b3ffdf80
0x00000000b3ffde60:   000000005cf99de0 000000005ce70000
0x00000000b3ffde70:   0000000000000000 00000000b3ffdef8
0x00000000b3ffde80:   0000000000000000 000000000930a270
0x00000000b3ffde90:   00000000042776e0 000000000e68e330
0x00000000b3ffdea0:   0000000000000000 00000000b3ffe001
0x00000000b3ffdeb0:   00000000b3ffe028 00000000ff584b90
0x00000000b3ffdec0:   0000000000000000 000000005cf99de0
0x00000000b3ffded0:   0000000009a5e1d8 00000000655d14f1
0x00000000b3ffdee0:   00000000b3ffdf80 00000000b3ffdf50
0x00000000b3ffdef0:   000038aa00000001 000000005ce70108
0x00000000b3ffdf00:   00000001e06d7363 0000000000000000 

Instructions: (pc=0x000007fefdae940d)
0x000007fefdae93ed:   54 24 24 48 89 4c 24 28 4d 85 c9 0f 85 aa 18 00
0x000007fefdae93fd:   00 89 4c 24 38 48 8d 4c 24 20 ff 15 93 1e 04 00
0x000007fefdae940d:   48 81 c4 c8 00 00 00 c3 90 90 90 90 90 90 90 90
0x000007fefdae941d:   90 90 90 48 8b c4 48 83 ec 78 41 f7 c0 fe ff ff 


Register to memory mapping:

RAX=0x00000000d6543f11 is pointing into the stack for thread: 0x0000000120718000
RBX=0x00000000b3ffdf80 is pointing into the stack for thread: 0x0000000009a5e000
RCX=0x00000000b3ffd800 is pointing into the stack for thread: 0x0000000009a5e000
RDX=0x00000000000000d0 is an unknown value
RSP=0x00000000b3ffde10 is pointing into the stack for thread: 0x0000000009a5e000
RBP=0x00000000b3ffdf40 is pointing into the stack for thread: 0x0000000009a5e000
RSI=0x0000000009a5e1d8 is an unknown value
RDI=0x000000005cf99de0 is an unknown value
R8 =0x0000000000000000 is an unknown value
R9 =0x0000000000000000 is an unknown value
R10=0x000000005ce70000 is an unknown value
R11=0x00000000b3ffde50 is pointing into the stack for thread: 0x0000000009a5e000
R12=0x0000000000000000 is an unknown value
R13=0x00000000ff584b90 is an oop
java.lang.Long 
 - klass: 'java/lang/Long'
R14=0x00000000b3ffe028 is pointing into the stack for thread: 0x0000000009a5e000
R15=0x0000000009a5e000 is a thread


Stack: [0x00000000b0000000,0x00000000b4000000],  sp=0x00000000b3ffde10,  free space=65527k
Native frames: (J=compiled Java code, j=interpreted, Vv=VM code, C=native code)
C  [KERNELBASE.dll+0x940d]

Java frames: (J=compiled Java code, j=interpreted, Vv=VM code)
J  sun.awt.windows.ThemeReader.getPartSize(JII)Ljava/awt/Dimension;
J  com.sun.java.swing.plaf.windows.XPStyle.getPartSize(Lcom/sun/java/swing/plaf/windows/TMSchema$Part;Lcom/sun/java/swing/plaf/windows/TMSchema$State;)Ljava/awt/Dimension;
j  com.sun.java.swing.plaf.windows.XPStyle$Skin.getWidth(Lcom/sun/java/swing/plaf/windows/TMSchema$State;)I+13
j  com.sun.java.swing.plaf.windows.XPStyle$Skin.paintSkin(Ljava/awt/Graphics;IILcom/sun/java/swing/plaf/windows/TMSchema$State;)V+18
j  com.sun.java.swing.plaf.windows.WindowsTreeUI$CollapsedIcon.paintIcon(Ljava/awt/Component;Ljava/awt/Graphics;II)V+21
J  com.jidesoft.grid.TreeExpandablePanel.a(Ljava/awt/Graphics;Lcom/jidesoft/grid/TreeTableModel;Ljavax/swing/table/TableModel;IZIILjava/awt/Rectangle;)V
j  com.jidesoft.grid.TreeExpandablePanel.paint(Ljava/awt/Graphics;)V+658
J  javax.swing.CellRendererPane.paintComponent(Ljava/awt/Graphics;Ljava/awt/Component;Ljava/awt/Container;IIIIZ)V
J  com.mathworks.widgets.grouptable.GroupingTableUIDelegate.paintSpanCells(Ljava/awt/Graphics;IIII)V
j  com.mathworks.widgets.grouptable.GroupingTableUIDelegate.paint(Ljava/awt/Graphics;Ljavax/swing/JComponent;)V+276
j  com.jidesoft.plaf.basic.BasicCellSpanTableUI.paint(Ljava/awt/Graphics;Ljavax/swing/JComponent;)V+9
J  javax.swing.plaf.ComponentUI.update(Ljava/awt/Graphics;Ljavax/swing/JComponent;)V
J  javax.swing.JComponent.paintComponent(Ljava/awt/Graphics;)V
j  com.jidesoft.grid.CellStyleTable.paintComponent(Ljava/awt/Graphics;)V+2
j  com.mathworks.widgets.grouptable.GroupingTable.paintComponent(Ljava/awt/Graphics;)V+109
J  javax.swing.JComponent.paint(Ljava/awt/Graphics;)V
J  javax.swing.RepaintManager$PaintManager.paintDoubleBuffered(Ljavax/swing/JComponent;Ljava/awt/Image;Ljava/awt/Graphics;IIII)V
J  javax.swing.RepaintManager$PaintManager.paint(Ljavax/swing/JComponent;Ljavax/swing/JComponent;Ljava/awt/Graphics;IIII)Z
J  javax.swing.JComponent._paintImmediately(IIII)V
J  javax.swing.JComponent.paintImmediately(IIII)V
J  javax.swing.RepaintManager.paintDirtyRegions(Ljava/util/Map;)V
j  javax.swing.RepaintManager.paintDirtyRegions()V+46
j  javax.swing.RepaintManager.prePaintDirtyRegions()V+73
j  javax.swing.RepaintManager.access$700(Ljavax/swing/RepaintManager;)V+1
j  javax.swing.RepaintManager$ProcessingRunnable.run()V+37
J  java.awt.EventQueue$3.run()Ljava/lang/Object;
v  ~StubRoutines::call_stub
J  java.security.AccessController.doPrivileged(Ljava/security/PrivilegedAction;Ljava/security/AccessControlContext;)Ljava/lang/Object;
J  java.awt.EventDispatchThread.pumpOneEventForFilters(I)V
J  java.awt.EventDispatchThread.pumpEventsForFilter(ILjava/awt/Conditional;Ljava/awt/EventFilter;)V
j  java.awt.EventDispatchThread.pumpEventsForHierarchy(ILjava/awt/Conditional;Ljava/awt/Component;)V+11
j  java.awt.EventDispatchThread.pumpEvents(ILjava/awt/Conditional;)V+4
j  java.awt.EventDispatchThread.pumpEvents(Ljava/awt/Conditional;)V+3
j  java.awt.EventDispatchThread.run()V+9
v  ~StubRoutines::call_stub

---------------  P R O C E S S  ---------------

Java Threads: ( => current thread )
  0x00000000d8c3f800 JavaThread "Image Fetcher 0" daemon [_thread_blocked, id=36860, stack(0x0000000129fa0000,0x000000012dfa0000)]
  0x00000000d8c41000 JavaThread "FileDecorationCache request queue" daemon [_thread_blocked, id=13660, stack(0x0000000140030000,0x0000000144030000)]
  0x0000000120718000 JavaThread "Explorer NavigationContext request queue" daemon [_thread_blocked, id=11704, stack(0x00000000d4000000,0x00000000d8000000)]
  0x0000000121bec800 JavaThread "RecordlistTable Timer" daemon [_thread_blocked, id=36704, stack(0x0000000125fa0000,0x0000000129fa0000)]
  0x00000000709cc800 JavaThread "Swing-Shell" daemon [_thread_blocked, id=2272, stack(0x0000000148030000,0x000000014c030000)]
  0x0000000076e4d000 JavaThread "Code Analyzer updating thread" [_thread_blocked, id=25892, stack(0x0000000160030000,0x0000000164030000)]
  0x0000000076922800 JavaThread "Foxtrot Multi Worker Thread Runner #2" daemon [_thread_blocked, id=27960, stack(0x000000015c030000,0x0000000160030000)]
  0x00000000726f4000 JavaThread "Timer-2" daemon [_thread_blocked, id=29840, stack(0x0000000114000000,0x0000000118000000)]
  0x000000007074b000 JavaThread "com.jniwrapper.NativeResourceCollector" daemon [_thread_blocked, id=23844, stack(0x00000000c4000000,0x00000000c8000000)]
  0x000000005aa46800 JavaThread "Prefs Updater" daemon [_thread_blocked, id=24404, stack(0x000000000e8c0000,0x00000000128c0000)]
  0x000000005aa45000 JavaThread "Foxtrot Single Worker Thread #1" daemon [_thread_blocked, id=12584, stack(0x0000000094000000,0x0000000098000000)]
  0x000000005aa3c800 JavaThread "Code Analyzer updating thread" [_thread_blocked, id=22356, stack(0x00000000b8000000,0x00000000bc000000)]
  0x000000005aa43800 JavaThread "Code Analyzer updating thread" [_thread_blocked, id=27860, stack(0x0000000110000000,0x0000000114000000)]
  0x000000005aa42800 JavaThread "Code Analyzer updating thread" [_thread_blocked, id=25432, stack(0x000000010c000000,0x0000000110000000)]
  0x000000005aa42000 JavaThread "Active Reference Queue Daemon" daemon [_thread_blocked, id=30204, stack(0x0000000108000000,0x000000010c000000)]
  0x000000005aa41000 JavaThread "Timer-1" daemon [_thread_blocked, id=29972, stack(0x0000000104000000,0x0000000108000000)]
  0x000000005aa40800 JavaThread "ClipboardMonitor Timer" daemon [_thread_blocked, id=27044, stack(0x0000000100000000,0x0000000104000000)]
  0x000000005aa3b000 JavaThread "AddressBar directory emptiness poller" daemon [_thread_blocked, id=20292, stack(0x00000000d0000000,0x00000000d4000000)]
  0x000000005aa3a800 JavaThread "Explorer Refresh Service 1821028804" daemon [_thread_blocked, id=27972, stack(0x00000000cc000000,0x00000000d0000000)]
  0x000000005aa38000 JavaThread "Thread-4" daemon [_thread_blocked, id=30196, stack(0x00000000c8000000,0x00000000cc000000)]
  0x000000005aa3c000 JavaThread "TimerQueue" daemon [_thread_blocked, id=30216, stack(0x00000000c0000000,0x00000000c4000000)]
  0x0000000009a5f000 JavaThread "Thread-3" daemon [_thread_blocked, id=28128, stack(0x00000000b4000000,0x00000000b8000000)]
=>0x0000000009a5e000 JavaThread "AWT-EventQueue-0" [_thread_in_native, id=16704, stack(0x00000000b0000000,0x00000000b4000000)]
  0x000000005ab8d000 JavaThread "AWT-Shutdown" [_thread_blocked, id=28300, stack(0x000000009c000000,0x00000000a0000000)]
  0x000000005aa22800 JavaThread "FelixPackageAdmin" daemon [_thread_blocked, id=21160, stack(0x00000000ac000000,0x00000000b0000000)]
  0x00000000095a8000 JavaThread "FelixStartLevel" daemon [_thread_blocked, id=28668, stack(0x00000000a8000000,0x00000000ac000000)]
  0x0000000009604000 JavaThread "FelixDispatchQueue" daemon [_thread_blocked, id=28816, stack(0x00000000a4000000,0x00000000a8000000)]
  0x000000005a78e000 JavaThread "com.google.common.base.internal.Finalizer" daemon [_thread_blocked, id=20124, stack(0x00000000a0000000,0x00000000a4000000)]
  0x000000005a780800 JavaThread "AWT-Windows" daemon [_thread_in_native, id=29324, stack(0x0000000098000000,0x000000009c000000)]
  0x000000005a6e3000 JavaThread "Java2D Disposer" daemon [_thread_blocked, id=28308, stack(0x0000000090000000,0x0000000094000000)]
  0x000000005a4f6800 JavaThread "Timer-0" [_thread_blocked, id=30536, stack(0x000000008c000000,0x0000000090000000)]
  0x000000005a580800 JavaThread "EventMgr Dispatcher" daemon [_thread_in_native, id=30192, stack(0x0000000088000000,0x000000008c000000)]
  0x000000000956b000 JavaThread "Service Thread" daemon [_thread_blocked, id=29312, stack(0x0000000080000000,0x0000000084000000)]
  0x000000000956a800 JavaThread "C2 CompilerThread1" daemon [_thread_blocked, id=30400, stack(0x0000000077e50000,0x000000007be50000)]
  0x0000000009556800 JavaThread "C2 CompilerThread0" daemon [_thread_blocked, id=20064, stack(0x000000005dee0000,0x0000000061ee0000)]
  0x0000000009555800 JavaThread "Attach Listener" daemon [_thread_blocked, id=29996, stack(0x0000000054fa0000,0x0000000058fa0000)]
  0x0000000009501800 JavaThread "Finalizer" daemon [_thread_blocked, id=28752, stack(0x0000000050fa0000,0x0000000054fa0000)]
  0x00000000094f7800 JavaThread "Reference Handler" daemon [_thread_blocked, id=27884, stack(0x000000004cfa0000,0x0000000050fa0000)]
  0x000000000931c800 JavaThread "main" [_thread_in_native, id=21568, stack(0x0000000000030000,0x0000000004030000)]

Other Threads:
  0x00000000094e3000 VMThread [stack: 0x0000000048fa0000,0x000000004cfa0000] [id=28204]
  0x0000000009655000 WatcherThread [stack: 0x0000000084000000,0x0000000088000000] [id=20548]

VM state:not at safepoint (normal execution)

VM Mutex/Monitor currently owned by a thread: None

Heap
 PSYoungGen      total 95744K, used 92552K [0x00000000fa000000, 0x0000000100000000, 0x0000000100000000)
  eden space 93056K, 99% used [0x00000000fa000000,0x00000000ffa62388,0x00000000ffae0000)
  from space 2688K, 0% used [0x00000000ffd60000,0x00000000ffd60000,0x0000000100000000)
  to   space 2560K, 0% used [0x00000000ffae0000,0x00000000ffae0000,0x00000000ffd60000)
 ParOldGen       total 294912K, used 292642K [0x00000000e8000000, 0x00000000fa000000, 0x00000000fa000000)
  object space 294912K, 99% used [0x00000000e8000000,0x00000000f9dc88c0,0x00000000fa000000)
 PSPermGen       total 72256K, used 71938K [0x00000000e0000000, 0x00000000e4690000, 0x00000000e8000000)
  object space 72256K, 99% used [0x00000000e0000000,0x00000000e4640a10,0x00000000e4690000)

Card table byte_map: [0x0000000009b90000,0x0000000009ca0000] byte_map_base: 0x0000000009490000

Polling page: 0x0000000008a80000

Code Cache  [0x000000002b660000, 0x000000002c410000, 0x000000002e660000)
 total_blobs=4783 nmethods=4066 adapters=662 free_code_cache=35350Kb largest_free_block=35990656

Compilation events (10 events):
Event: 396938.520 Thread 0x000000000956a800 4495             javax.swing.text.DefaultStyledDocument$ElementBuffer::endEdits (147 bytes)
Event: 396938.661 Thread 0x000000000956a800 nmethod 4495 0x000000002c124cd0 code [0x000000002c124f80, 0x000000002c127e50]
Event: 408039.634 Thread 0x0000000009556800 4496             com.mathworks.widgets.grouptable.GroupingTableConfiguration::getColumnByKey (47 bytes)
Event: 408039.656 Thread 0x0000000009556800 nmethod 4496 0x000000002c161250 code [0x000000002c1613c0, 0x000000002c1619a8]
Event: 412839.544 Thread 0x000000000956a800 4497             com.mathworks.widgets.grouptable.GroupingTable::showVerticalAttributesAsColumnsIfWide (210 bytes)
Event: 412839.556 Thread 0x000000000956a800 nmethod 4497 0x000000002c162110 code [0x000000002c162380, 0x000000002c162be0]
Event: 413139.423 Thread 0x0000000009556800 4498             com.jidesoft.grid.JideTable::validateRow (95 bytes)
Event: 413139.592 Thread 0x0000000009556800 nmethod 4498 0x000000002be6c990 code [0x000000002be6cae0, 0x000000002be6cc98]
Event: 414039.908 Thread 0x000000000956a800 4499             sun.java2d.pipe.PixelToShapeConverter::makePoly (70 bytes)
Event: 414040.227 Thread 0x000000000956a800 nmethod 4499 0x000000002c0c2d10 code [0x000000002c0c2ea0, 0x000000002c0c3228]

GC Heap History (10 events):
Event: 416746.858 GC heap before
{Heap before GC invocations=3197 (full 1326):
 PSYoungGen      total 95744K, used 93056K [0x00000000fa000000, 0x0000000100000000, 0x0000000100000000)
  eden space 93056K, 100% used [0x00000000fa000000,0x00000000ffae0000,0x00000000ffae0000)
  from space 2688K, 0% used [0x00000000ffd60000,0x00000000ffd60000,0x0000000100000000)
  to   space 2560K, 0% used [0x00000000ffae0000,0x00000000ffae0000,0x00000000ffd60000)
 ParOldGen       total 294912K, used 292642K [0x00000000e8000000, 0x00000000fa000000, 0x00000000fa000000)
  object space 294912K, 99% used [0x00000000e8000000,0x00000000f9dc88c0,0x00000000fa000000)
 PSPermGen       total 72256K, used 71938K [0x00000000e0000000, 0x00000000e4690000, 0x00000000e8000000)
  object space 72256K, 99% used [0x00000000e0000000,0x00000000e4640a10,0x00000000e4690000)
Event: 416747.145 GC heap after
Heap after GC invocations=3197 (full 1326):
 PSYoungGen      total 95744K, used 92429K [0x00000000fa000000, 0x0000000100000000, 0x0000000100000000)
  eden space 93056K, 99% used [0x00000000fa000000,0x00000000ffa43768,0x00000000ffae0000)
  from space 2688K, 0% used [0x00000000ffd60000,0x00000000ffd60000,0x0000000100000000)
  to   space 2560K, 0% used [0x00000000ffae0000,0x00000000ffae0000,0x00000000ffd60000)
 ParOldGen       total 294912K, used 292642K [0x00000000e8000000, 0x00000000fa000000, 0x00000000fa000000)
  object space 294912K, 99% used [0x00000000e8000000,0x00000000f9dc88c0,0x00000000fa000000)
 PSPermGen       total 72256K, used 71938K [0x00000000e0000000, 0x00000000e4690000, 0x00000000e8000000)
  object space 72256K, 99% used [0x00000000e0000000,0x00000000e4640a10,0x00000000e4690000)
}
Event: 416747.146 GC heap before
{Heap before GC invocations=3198 (full 1327):
 PSYoungGen      total 95744K, used 93056K [0x00000000fa000000, 0x0000000100000000, 0x0000000100000000)
  eden space 93056K, 100% used [0x00000000fa000000,0x00000000ffae0000,0x00000000ffae0000)
  from space 2688K, 0% used [0x00000000ffd60000,0x00000000ffd60000,0x0000000100000000)
  to   space 2560K, 0% used [0x00000000ffae0000,0x00000000ffae0000,0x00000000ffd60000)
 ParOldGen       total 294912K, used 292642K [0x00000000e8000000, 0x00000000fa000000, 0x00000000fa000000)
  object space 294912K, 99% used [0x00000000e8000000,0x00000000f9dc88c0,0x00000000fa000000)
 PSPermGen       total 72256K, used 71938K [0x00000000e0000000, 0x00000000e4690000, 0x00000000e8000000)
  object space 72256K, 99% used [0x00000000e0000000,0x00000000e4640a10,0x00000000e4690000)
Event: 416747.452 GC heap after
Heap after GC invocations=3198 (full 1327):
 PSYoungGen      total 95744K, used 92428K [0x00000000fa000000, 0x0000000100000000, 0x0000000100000000)
  eden space 93056K, 99% used [0x00000000fa000000,0x00000000ffa43168,0x00000000ffae0000)
  from space 2688K, 0% used [0x00000000ffd60000,0x00000000ffd60000,0x0000000100000000)
  to   space 2560K, 0% used [0x00000000ffae0000,0x00000000ffae0000,0x00000000ffd60000)
 ParOldGen       total 294912K, used 292642K [0x00000000e8000000, 0x00000000fa000000, 0x00000000fa000000)
  object space 294912K, 99% used [0x00000000e8000000,0x00000000f9dc88c0,0x00000000fa000000)
 PSPermGen       total 72256K, used 71938K [0x00000000e0000000, 0x00000000e4690000, 0x00000000e8000000)
  object space 72256K, 99% used [0x00000000e0000000,0x00000000e4640a10,0x00000000e4690000)
}
Event: 416747.464 GC heap before
{Heap before GC invocations=3199 (full 1328):
 PSYoungGen      total 95744K, used 93056K [0x00000000fa000000, 0x0000000100000000, 0x0000000100000000)
  eden space 93056K, 100% used [0x00000000fa000000,0x00000000ffae0000,0x00000000ffae0000)
  from space 2688K, 0% used [0x00000000ffd60000,0x00000000ffd60000,0x0000000100000000)
  to   space 2560K, 0% used [0x00000000ffae0000,0x00000000ffae0000,0x00000000ffd60000)
 ParOldGen       total 294912K, used 292642K [0x00000000e8000000, 0x00000000fa000000, 0x00000000fa000000)
  object space 294912K, 99% used [0x00000000e8000000,0x00000000f9dc88c0,0x00000000fa000000)
 PSPermGen       total 72256K, used 71938K [0x00000000e0000000, 0x00000000e4690000, 0x00000000e8000000)
  object space 72256K, 99% used [0x00000000e0000000,0x00000000e4640a10,0x00000000e4690000)
Event: 416747.782 GC heap after
Heap after GC invocations=3199 (full 1328):
 PSYoungGen      total 95744K, used 92428K [0x00000000fa000000, 0x0000000100000000, 0x0000000100000000)
  eden space 93056K, 99% used [0x00000000fa000000,0x00000000ffa432e0,0x00000000ffae0000)
  from space 2688K, 0% used [0x00000000ffd60000,0x00000000ffd60000,0x0000000100000000)
  to   space 2560K, 0% used [0x00000000ffae0000,0x00000000ffae0000,0x00000000ffd60000)
 ParOldGen       total 294912K, used 292642K [0x00000000e8000000, 0x00000000fa000000, 0x00000000fa000000)
  object space 294912K, 99% used [0x00000000e8000000,0x00000000f9dc88c0,0x00000000fa000000)
 PSPermGen       total 72256K, used 71938K [0x00000000e0000000, 0x00000000e4690000, 0x00000000e8000000)
  object space 72256K, 99% used [0x00000000e0000000,0x00000000e4640a10,0x00000000e4690000)
}
Event: 416747.783 GC heap before
{Heap before GC invocations=3200 (full 1329):
 PSYoungGen      total 95744K, used 93056K [0x00000000fa000000, 0x0000000100000000, 0x0000000100000000)
  eden space 93056K, 100% used [0x00000000fa000000,0x00000000ffae0000,0x00000000ffae0000)
  from space 2688K, 0% used [0x00000000ffd60000,0x00000000ffd60000,0x0000000100000000)
  to   space 2560K, 0% used [0x00000000ffae0000,0x00000000ffae0000,0x00000000ffd60000)
 ParOldGen       total 294912K, used 292642K [0x00000000e8000000, 0x00000000fa000000, 0x00000000fa000000)
  object space 294912K, 99% used [0x00000000e8000000,0x00000000f9dc88c0,0x00000000fa000000)
 PSPermGen       total 72256K, used 71938K [0x00000000e0000000, 0x00000000e4690000, 0x00000000e8000000)
  object space 72256K, 99% used [0x00000000e0000000,0x00000000e4640a10,0x00000000e4690000)
Event: 416748.085 GC heap after
Heap after GC invocations=3200 (full 1329):
 PSYoungGen      total 95744K, used 92414K [0x00000000fa000000, 0x0000000100000000, 0x0000000100000000)
  eden space 93056K, 99% used [0x00000000fa000000,0x00000000ffa3f960,0x00000000ffae0000)
  from space 2688K, 0% used [0x00000000ffd60000,0x00000000ffd60000,0x0000000100000000)
  to   space 2560K, 0% used [0x00000000ffae0000,0x00000000ffae0000,0x00000000ffd60000)
 ParOldGen       total 294912K, used 292642K [0x00000000e8000000, 0x00000000fa000000, 0x00000000fa000000)
  object space 294912K, 99% used [0x00000000e8000000,0x00000000f9dc88c0,0x00000000fa000000)
 PSPermGen       total 72256K, used 71938K [0x00000000e0000000, 0x00000000e4690000, 0x00000000e8000000)
  object space 72256K, 99% used [0x00000000e0000000,0x00000000e4640a10,0x00000000e4690000)
}
Event: 416748.087 GC heap before
{Heap before GC invocations=3201 (full 1330):
 PSYoungGen      total 95744K, used 93056K [0x00000000fa000000, 0x0000000100000000, 0x0000000100000000)
  eden space 93056K, 100% used [0x00000000fa000000,0x00000000ffae0000,0x00000000ffae0000)
  from space 2688K, 0% used [0x00000000ffd60000,0x00000000ffd60000,0x0000000100000000)
  to   space 2560K, 0% used [0x00000000ffae0000,0x00000000ffae0000,0x00000000ffd60000)
 ParOldGen       total 294912K, used 292642K [0x00000000e8000000, 0x00000000fa000000, 0x00000000fa000000)
  object space 294912K, 99% used [0x00000000e8000000,0x00000000f9dc88c0,0x00000000fa000000)
 PSPermGen       total 72256K, used 71938K [0x00000000e0000000, 0x00000000e4690000, 0x00000000e8000000)
  object space 72256K, 99% used [0x00000000e0000000,0x00000000e4640a10,0x00000000e4690000)
Event: 416748.425 GC heap after
Heap after GC invocations=3201 (full 1330):
 PSYoungGen      total 95744K, used 92414K [0x00000000fa000000, 0x0000000100000000, 0x0000000100000000)
  eden space 93056K, 99% used [0x00000000fa000000,0x00000000ffa3fa48,0x00000000ffae0000)
  from space 2688K, 0% used [0x00000000ffd60000,0x00000000ffd60000,0x0000000100000000)
  to   space 2560K, 0% used [0x00000000ffae0000,0x00000000ffae0000,0x00000000ffd60000)
 ParOldGen       total 294912K, used 292642K [0x00000000e8000000, 0x00000000fa000000, 0x00000000fa000000)
  object space 294912K, 99% used [0x00000000e8000000,0x00000000f9dc88c0,0x00000000fa000000)
 PSPermGen       total 72256K, used 71938K [0x00000000e0000000, 0x00000000e4690000, 0x00000000e8000000)
  object space 72256K, 99% used [0x00000000e0000000,0x00000000e4640a10,0x00000000e4690000)
}

Deoptimization events (10 events):
Event: 183755.987 Thread 0x0000000009a5e000 Uncommon trap -34 fr.pc 0x000000002c2b52c0
Event: 183756.027 Thread 0x0000000009a5e000 Uncommon trap -34 fr.pc 0x000000002c2b52c0
Event: 183782.256 Thread 0x0000000009a5e000 Uncommon trap -34 fr.pc 0x000000002c2b52c0
Event: 183782.259 Thread 0x0000000009a5e000 Uncommon trap -34 fr.pc 0x000000002c2b52c0
Event: 231172.102 Thread 0x0000000009a5e000 Uncommon trap -12 fr.pc 0x000000002ba29454
Event: 244848.145 Thread 0x0000000009a5e000 Uncommon trap -42 fr.pc 0x000000002c3ecd60
Event: 244848.176 Thread 0x0000000009a5e000 Uncommon trap -42 fr.pc 0x000000002c3ecd60
Event: 251709.947 Thread 0x0000000009a5e000 Uncommon trap -42 fr.pc 0x000000002c3ecd60
Event: 251709.947 Thread 0x0000000009a5e000 Uncommon trap -42 fr.pc 0x000000002c3ecd60
Event: 253020.820 Thread 0x0000000009a5e000 Uncommon trap -12 fr.pc 0x000000002c386360

Internal exceptions (10 events):
Event: 413585.600 Thread 0x0000000009a5e000 Threw 0x00000000e00a63b8 at C:\jdk7u1_64p\jdk7u11\hotspot\src\share\vm\prims\jvm.cpp:1170
Event: 413586.184 Thread 0x0000000009a5e000 Threw 0x00000000e00a63b8 at C:\jdk7u1_64p\jdk7u11\hotspot\src\share\vm\gc_interface/collectedHeap.inline.hpp:171
Event: 413586.184 Thread 0x0000000009a5e000 Threw 0x00000000e00a63b8 at C:\jdk7u1_64p\jdk7u11\hotspot\src\share\vm\prims\jvm.cpp:1170
Event: 413624.240 Thread 0x0000000009a5e000 Threw 0x00000000e00a63b8 at C:\jdk7u1_64p\jdk7u11\hotspot\src\share\vm\gc_interface/collectedHeap.inline.hpp:171
Event: 413624.240 Thread 0x0000000009a5e000 Threw 0x00000000e00a63b8 at C:\jdk7u1_64p\jdk7u11\hotspot\src\share\vm\prims\jvm.cpp:1170
Event: 415452.154 Thread 0x0000000009a5e000 Threw 0x00000000e00a63b8 at C:\jdk7u1_64p\jdk7u11\hotspot\src\share\vm\gc_interface/collectedHeap.inline.hpp:171
Event: 415452.154 Thread 0x0000000009a5e000 Threw 0x00000000e00a63b8 at C:\jdk7u1_64p\jdk7u11\hotspot\src\share\vm\prims\jvm.cpp:1170
Event: 415453.070 Thread 0x0000000009a5e000 Threw 0x00000000e00a63b8 at C:\jdk7u1_64p\jdk7u11\hotspot\src\share\vm\gc_interface/collectedHeap.inline.hpp:171
Event: 415453.070 Thread 0x0000000009a5e000 Threw 0x00000000e00a63b8 at C:\jdk7u1_64p\jdk7u11\hotspot\src\share\vm\prims\jvm.cpp:1170
Event: 416748.425 Thread 0x0000000009a5e000 Threw 0x00000000e00a6418 at C:\jdk7u1_64p\jdk7u11\hotspot\src\share\vm\gc_interface/collectedHeap.inline.hpp:182

Events (10 events):
Event: 416747.145 Executing VM operation: ParallelGCFailedAllocation
Event: 416747.452 Executing VM operation: ParallelGCFailedAllocation done
Event: 416747.463 Executing VM operation: ParallelGCFailedAllocation
Event: 416747.782 Executing VM operation: ParallelGCFailedAllocation done
Event: 416747.782 Thread 0x000000005aa3d800 Thread exited: 0x000000005aa3d800
Event: 416747.783 Executing VM operation: ParallelGCFailedAllocation
Event: 416748.085 Executing VM operation: ParallelGCFailedAllocation done
Event: 416748.086 Thread 0x0000000120713800 Thread exited: 0x0000000120713800
Event: 416748.087 Executing VM operation: ParallelGCFailedAllocation
Event: 416748.425 Executing VM operation: ParallelGCFailedAllocation done


Dynamic libraries:
0x0000000140000000 - 0x0000000140029000 	C:\Program Files\MATLAB\R2013b\bin\win64\MATLAB.exe
0x0000000077c80000 - 0x0000000077e29000 	C:\Windows\SYSTEM32\ntdll.dll
0x0000000077a60000 - 0x0000000077b7f000 	C:\Windows\system32\kernel32.dll
0x000007fefdae0000 - 0x000007fefdb4b000 	C:\Windows\system32\KERNELBASE.dll
0x000000006f060000 - 0x000000006f3dc000 	C:\Program Files\MATLAB\R2013b\bin\win64\libmwservices.dll
0x000000006fe80000 - 0x000000006ff56000 	C:\Program Files\MATLAB\R2013b\bin\win64\libmwi18n.dll
0x000000006fe70000 - 0x000000006fe7d000 	C:\Program Files\MATLAB\R2013b\bin\win64\libmwresource_core.dll
0x000000006d5b0000 - 0x000000006d648000 	C:\Program Files\MATLAB\R2013b\bin\win64\MSVCP100.dll
0x0000000065570000 - 0x0000000065642000 	C:\Program Files\MATLAB\R2013b\bin\win64\MSVCR100.dll
0x0000000073630000 - 0x000000007363e000 	C:\Program Files\MATLAB\R2013b\bin\win64\boost_date_time-vc100-mt-1_49.dll
0x000000006df60000 - 0x000000006df8c000 	C:\Program Files\MATLAB\R2013b\bin\win64\boost_filesystem-vc100-mt-1_49.dll
0x0000000073640000 - 0x0000000073649000 	C:\Program Files\MATLAB\R2013b\bin\win64\boost_system-vc100-mt-1_49.dll
0x000007fefead0000 - 0x000007fefebab000 	C:\Windows\system32\ADVAPI32.dll
0x000007fefebb0000 - 0x000007fefec4f000 	C:\Windows\system32\msvcrt.dll
0x000007fefec50000 - 0x000007fefec6f000 	C:\Windows\SYSTEM32\sechost.dll
0x000007fefe010000 - 0x000007fefe13d000 	C:\Windows\system32\RPCRT4.dll
0x000000006e9a0000 - 0x000000006e9c5000 	C:\Program Files\MATLAB\R2013b\bin\win64\LIBEXPAT.dll
0x0000000064e60000 - 0x0000000064fea000 	C:\Program Files\MATLAB\R2013b\bin\win64\icuin49.dll
0x0000000065040000 - 0x000000006517e000 	C:\Program Files\MATLAB\R2013b\bin\win64\icuuc49.dll
0x0000000059210000 - 0x000000005a332000 	C:\Program Files\MATLAB\R2013b\bin\win64\icudt49.dll
0x000000006e670000 - 0x000000006e680000 	C:\Program Files\MATLAB\R2013b\bin\win64\icuio49.dll
0x0000000004100000 - 0x00000000041bb000 	C:\Program Files\MATLAB\R2013b\bin\win64\libut.dll
0x000000006f960000 - 0x000000006fb07000 	C:\Program Files\MATLAB\R2013b\bin\win64\libmwfl.dll
0x00000000042c0000 - 0x00000000046cf000 	C:\Program Files\MATLAB\R2013b\bin\win64\libmwMATLAB_res.dll
0x0000000065380000 - 0x000000006545f000 	C:\Program Files\MATLAB\R2013b\bin\win64\boost_regex-vc100-mt-1_49.dll
0x0000000077b80000 - 0x0000000077c7a000 	C:\Windows\system32\USER32.dll
0x000007fefec70000 - 0x000007fefecd7000 	C:\Windows\system32\GDI32.dll
0x000007fefe140000 - 0x000007fefe14e000 	C:\Windows\system32\LPK.dll
0x000007fefe450000 - 0x000007fefe519000 	C:\Windows\system32\USP10.dll
0x0000000065d80000 - 0x0000000065d91000 	C:\Program Files\MATLAB\R2013b\bin\win64\boost_signals-vc100-mt-1_49.dll
0x0000000065d60000 - 0x0000000065d71000 	C:\Program Files\MATLAB\R2013b\bin\win64\boost_thread-vc100-mt-1_49.dll
0x0000000064dd0000 - 0x0000000064e5c000 	C:\Program Files\MATLAB\R2013b\bin\win64\boost_log-vc100-mt-1_49.dll
0x0000000077e40000 - 0x0000000077e47000 	C:\Windows\system32\PSAPI.DLL
0x000007fefef50000 - 0x000007fefef9d000 	C:\Windows\system32\WS2_32.dll
0x000007fefe150000 - 0x000007fefe158000 	C:\Windows\system32\NSI.dll
0x000007fef8700000 - 0x000007fef8733000 	C:\Program Files\MATLAB\R2013b\bin\win64\tbb.dll
0x000007fefe520000 - 0x000007fefe539000 	C:\Windows\system32\imagehlp.dll
0x000007fefcaf0000 - 0x000007fefcb1c000 	C:\Windows\system32\POWRPROF.dll
0x000007fefefa0000 - 0x000007feff177000 	C:\Windows\system32\SETUPAPI.dll
0x000007fefdb60000 - 0x000007fefdb96000 	C:\Windows\system32\CFGMGR32.dll
0x000007fefe540000 - 0x000007fefe617000 	C:\Windows\system32\OLEAUT32.dll
0x000007fefe1c0000 - 0x000007fefe3c3000 	C:\Windows\system32\ole32.dll
0x000007fefdbe0000 - 0x000007fefdbfa000 	C:\Windows\system32\DEVOBJ.dll
0x00000000046d0000 - 0x00000000047cb000 	C:\Program Files\MATLAB\R2013b\bin\win64\libmx.dll
0x000007fef8750000 - 0x000007fef8778000 	C:\Program Files\MATLAB\R2013b\bin\win64\tbbmalloc.dll
0x0000000065d40000 - 0x0000000065d57000 	C:\Program Files\MATLAB\R2013b\bin\win64\zlib1.dll
0x000000006ef00000 - 0x000000006ef4e000 	C:\Program Files\MATLAB\R2013b\bin\win64\libmwregexp.dll
0x000000006eeb0000 - 0x000000006eef7000 	C:\Program Files\MATLAB\R2013b\bin\win64\mpath.dll
0x00000000047d0000 - 0x0000000004df8000 	C:\Program Files\MATLAB\R2013b\bin\win64\mlutil.dll
0x000000006e870000 - 0x000000006e8e7000 	C:\Program Files\MATLAB\R2013b\bin\win64\xmlcore.dll
0x000000005dc90000 - 0x000000005ded1000 	C:\Program Files\MATLAB\R2013b\bin\win64\xerces-c_2_7.dll
0x000000006e5f0000 - 0x000000006e613000 	C:\Program Files\MATLAB\R2013b\bin\win64\libmwMATLAB_settings_res.dll
0x0000000004e10000 - 0x0000000004e20000 	C:\Program Files\MATLAB\R2013b\bin\win64\boost_iostreams-vc100-mt-1_49.dll
0x0000000065330000 - 0x0000000065376000 	C:\Program Files\MATLAB\R2013b\bin\win64\boost_serialization-vc100-mt-1_49.dll
0x000007feff180000 - 0x000007fefff08000 	C:\Windows\system32\SHELL32.dll
0x000007fefff10000 - 0x000007fefff81000 	C:\Windows\system32\SHLWAPI.dll
0x000000006e580000 - 0x000000006e586000 	C:\Program Files\MATLAB\R2013b\bin\win64\libmwnativedisplay.dll
0x00000000685f0000 - 0x000000006863d000 	C:\Program Files\MATLAB\R2013b\bin\win64\opccore.dll
0x00000000684f0000 - 0x00000000685c6000 	C:\Program Files\MATLAB\R2013b\bin\win64\opcmodel.dll
0x00000000684c0000 - 0x00000000684ed000 	C:\Program Files\MATLAB\R2013b\bin\win64\opczippackage.dll
0x000000006e660000 - 0x000000006e66e000 	C:\Program Files\MATLAB\R2013b\bin\win64\libminizip.dll
0x0000000068340000 - 0x00000000683a6000 	C:\Program Files\MATLAB\R2013b\bin\win64\opcmwservices.dll
0x000007fefa5d0000 - 0x000007fefa670000 	C:\Windows\WinSxS\amd64_microsoft.windows.common-controls_6595b64144ccf1df_5.82.7601.18201_none_a4d3b9377117c3df\COMCTL32.dll
0x000007fefdf70000 - 0x000007fefe007000 	C:\Windows\system32\COMDLG32.dll
0x000007fefb320000 - 0x000007fefb336000 	C:\Windows\system32\NETAPI32.dll
0x000007fefb300000 - 0x000007fefb30c000 	C:\Windows\system32\netutils.dll
0x000007fefd510000 - 0x000007fefd533000 	C:\Windows\system32\srvcli.dll
0x000007fefb2c0000 - 0x000007fefb2d5000 	C:\Windows\system32\wkscli.dll
0x000000006e4d0000 - 0x000000006e57d000 	C:\Program Files\MATLAB\R2013b\bin\win64\mcr.dll
0x000000006e110000 - 0x000000006e4d0000 	C:\Program Files\MATLAB\R2013b\bin\win64\iqm.dll
0x0000000180000000 - 0x00000001800c2000 	C:\Program Files\MATLAB\R2013b\bin\win64\m_dispatcher.dll
0x0000000004e20000 - 0x000000000561b000 	C:\Program Files\MATLAB\R2013b\bin\win64\m_interpreter.dll
0x000000006d760000 - 0x000000006d784000 	C:\Program Files\MATLAB\R2013b\bin\win64\libmex.dll
0x000000006d6e0000 - 0x000000006d75b000 	C:\Program Files\MATLAB\R2013b\bin\win64\profiler.dll
0x0000000005620000 - 0x0000000005798000 	C:\Program Files\MATLAB\R2013b\bin\win64\libmwmathutil.dll
0x000000006d420000 - 0x000000006d447000 	C:\Program Files\MATLAB\R2013b\bin\win64\libmwmathrng.dll
0x000000006d410000 - 0x000000006d420000 	C:\Program Files\MATLAB\R2013b\bin\win64\libmwmfl_rng.dll
0x00000000057a0000 - 0x00000000058b8000 	C:\Program Files\MATLAB\R2013b\bin\win64\libmwmathcore.dll
0x000000006d2b0000 - 0x000000006d313000 	C:\Program Files\MATLAB\R2013b\bin\win64\libmwspmatrix.dll
0x00000000058c0000 - 0x0000000005b22000 	C:\Program Files\MATLAB\R2013b\bin\win64\mcos.dll
0x000000006cfc0000 - 0x000000006d01c000 	C:\Program Files\MATLAB\R2013b\bin\win64\libmwcholmod.dll
0x000000006cfb0000 - 0x000000006cfbc000 	C:\Program Files\MATLAB\R2013b\bin\win64\libmwamd.dll
0x000000006cfa0000 - 0x000000006cfab000 	C:\Program Files\MATLAB\R2013b\bin\win64\libmwcolamd.dll
0x000000006cf80000 - 0x000000006cf93000 	C:\Program Files\MATLAB\R2013b\bin\win64\libmwblas.dll
0x000000006cf60000 - 0x000000006cf75000 	C:\Program Files\MATLAB\R2013b\bin\win64\libmwbinder.dll
0x000000006cf50000 - 0x000000006cf5b000 	C:\Program Files\MATLAB\R2013b\bin\win64\libmwompwrapper.dll
0x000000006ced0000 - 0x000000006cf4f000 	C:\Program Files\MATLAB\R2013b\bin\win64\libmwlapack.dll
0x000000006ceb0000 - 0x000000006ced0000 	C:\Program Files\MATLAB\R2013b\bin\win64\m_pcodeio.dll
0x000000006ce50000 - 0x000000006ceac000 	C:\Program Files\MATLAB\R2013b\bin\win64\m_ir.dll
0x0000000005b30000 - 0x00000000061e5000 	C:\Program Files\MATLAB\R2013b\bin\win64\m_parser.dll
0x000000006c780000 - 0x000000006c797000 	C:\Program Files\MATLAB\R2013b\bin\win64\ir_xfmr.dll
0x000000006c770000 - 0x000000006c780000 	C:\Program Files\MATLAB\R2013b\bin\win64\mtok.dll
0x000000006c740000 - 0x000000006c768000 	C:\Program Files\MATLAB\R2013b\bin\win64\m_pcodegen.dll
0x000007fef8b30000 - 0x000007fef8c55000 	C:\Windows\system32\dbghelp.dll
0x000000006c710000 - 0x000000006c73f000 	C:\Program Files\MATLAB\R2013b\bin\win64\libmwbridge.dll
0x000000006c650000 - 0x000000006c706000 	C:\Program Files\MATLAB\R2013b\bin\win64\udd.dll
0x00000000061f0000 - 0x0000000006341000 	C:\Program Files\MATLAB\R2013b\bin\win64\libmwgui.dll
0x000000006c4d0000 - 0x000000006c4f8000 	C:\Program Files\MATLAB\R2013b\bin\win64\graphics_util.dll
0x0000000064d10000 - 0x0000000064dc8000 	C:\Program Files\MATLAB\R2013b\bin\win64\libtex_base.dll
0x000000006bac0000 - 0x000000006c426000 	C:\Program Files\MATLAB\R2013b\bin\win64\hg.dll
0x000000006ba60000 - 0x000000006babd000 	C:\Program Files\MATLAB\R2013b\bin\win64\libmat.dll
0x000000006b850000 - 0x000000006ba58000 	C:\Program Files\MATLAB\R2013b\bin\win64\hdf5dll.dll
0x000000006b780000 - 0x000000006b848000 	C:\Program Files\MATLAB\R2013b\bin\win64\jmi.dll
0x000000006b770000 - 0x000000006b77e000 	C:\Program Files\MATLAB\R2013b\bin\win64\nativejava_services.dll
0x0000000006360000 - 0x00000000063a2000 	C:\Program Files\MATLAB\R2013b\bin\win64\libmwhardcopy.dll
0x000000006b6d0000 - 0x000000006b72e000 	C:\Program Files\MATLAB\R2013b\bin\win64\libuij.dll
0x000000006b490000 - 0x000000006b695000 	C:\Program Files\MATLAB\R2013b\bin\win64\hgdatatypes.dll
0x00000000063b0000 - 0x00000000064c2000 	C:\Program Files\MATLAB\R2013b\bin\win64\hgutils.dll
0x000000006b2f0000 - 0x000000006b39e000 	C:\Program Files\MATLAB\R2013b\bin\win64\udd_mi.dll
0x000000006b2b0000 - 0x000000006b2e6000 	C:\Program Files\MATLAB\R2013b\bin\win64\libmwgbtutils.dll
0x000000006b290000 - 0x000000006b2a3000 	C:\Program Files\MATLAB\R2013b\bin\win64\libmwgbt.dll
0x000000006afc0000 - 0x000000006b28f000 	C:\Program Files\MATLAB\R2013b\bin\win64\uiw.dll
0x000000006afb0000 - 0x000000006afb9000 	C:\Program Files\MATLAB\R2013b\bin\win64\uinone.dll
0x000000006af80000 - 0x000000006afac000 	C:\Program Files\MATLAB\R2013b\bin\win64\libmwnativedialogs.dll
0x000000006af70000 - 0x000000006af7c000 	C:\Program Files\MATLAB\R2013b\bin\win64\libmwplatform_res.dll
0x000007fefa410000 - 0x000007fefa428000 	C:\Windows\system32\MPR.dll
0x000000005d730000 - 0x000000005dc8d000 	C:\Program Files\MATLAB\R2013b\bin\win64\mfc100.dll
0x000007fef32d0000 - 0x000007fef32d7000 	C:\Windows\system32\MSIMG32.dll
0x000007fefa130000 - 0x000007fefa1a1000 	C:\Windows\system32\WINSPOOL.DRV
0x000000006af50000 - 0x000000006af6d000 	C:\Program Files\MATLAB\R2013b\bin\win64\mwoles05.DLL
0x000000006aee0000 - 0x000000006af4c000 	C:\Program Files\MATLAB\R2013b\bin\win64\comcli.dll
0x00000000657b0000 - 0x00000000657db000 	C:\Program Files\MATLAB\R2013b\bin\win64\ATL100.DLL
0x000000006aed0000 - 0x000000006aedc000 	C:\Program Files\MATLAB\R2013b\bin\win64\mlautoregister.dll
0x00000000064e0000 - 0x000000000664f000 	C:\Program Files\MATLAB\R2013b\bin\win64\mvm.dll
0x000007fefef20000 - 0x000007fefef4e000 	C:\Windows\system32\IMM32.DLL
0x000007fefde60000 - 0x000007fefdf69000 	C:\Windows\system32\MSCTF.dll
0x000007fefc020000 - 0x000007fefc076000 	C:\Windows\system32\UxTheme.dll
0x000007fefbb50000 - 0x000007fefbb68000 	C:\Windows\system32\dwmapi.dll

VM Arguments:
jvm_args: -XX:PermSize=32m -Xms64m -XX:NewRatio=3 -XX:MaxPermSize=128m -Xmx384m -XX:MaxDirectMemorySize=2147400000 -Dsun.java2d.noddraw=true -Dsun.awt.nopixfmt=true -Xshare:off -Xrs -XX:-UseSplitVerifier -Djava.library.path=C:\Program Files\MATLAB\R2013b\bin\win64;C:\Program Files\MATLAB\R2013b\sys\jxbrowser\win64\lib vfprintf abort -Duser.language=en -Duser.country=US -XX:ParallelGCThreads=6 
java_command: <unknown>
Launcher Type: generic

Environment Variables:
PATH=C:\Program Files (x86)\AMD APP\bin\x86_64;C:\Program Files (x86)\AMD APP\bin\x86;C:\Program Files\Common Files\Microsoft Shared\Windows Live;C:\Program Files (x86)\Common Files\Microsoft Shared\Windows Live;C:\Windows\system32;C:\Windows;C:\Windows\System32\Wbem;C:\Windows\System32\WindowsPowerShell\v1.0\;C:\Program Files (x86)\Common Files\Roxio Shared\DLLShared\;C:\Program Files (x86)\Common Files\Roxio Shared\DLLShared\;C:\Program Files (x86)\Common Files\Roxio Shared\12.0\DLLShared\;C:\Program Files (x86)\Windows Live\Shared;C:\Program Files (x86)\ATI Technologies\ATI.ACE\Core-Static;C:\Program Files\Intel\WiFi\bin\;C:\Program Files\Common Files\Intel\WirelessCommon\;C:\Program Files\MATLAB\R2013b\bin;C:\Program Files\MATLAB\R2012a\bin;C:\Program Files\jEdit;C:\Program Files (x86)\MiKTeX 2.9\miktex\bin\;C:\Program Files\Microsoft SQL Server\110\Tools\Binn\;c:\Program Files (x86)\Microsoft SQL Server\100\Tools\Binn\;c:\Program Files\Microsoft SQL Server\100\Tools\Binn\;c:\Program Files\Microsoft SQL Server\100\DTS\Binn\;C:\Program Files (x86)\Windows Kits\8.1\Windows Performance Toolkit\;;C:\Python27;C:\Python27\Lib\site-packages\;C:\Python27\Scripts\;
USERNAME=Shu
OS=Windows_NT
PROCESSOR_IDENTIFIER=Intel64 Family 6 Model 42 Stepping 7, GenuineIntel



---------------  S Y S T E M  ---------------

OS: Windows 7 , 64 bit Build 7601 Service Pack 1

CPU:total 8 (4 cores per cpu, 2 threads per core) family 6 model 42 stepping 7, cmov, cx8, fxsr, mmx, sse, sse2, sse3, ssse3, sse4.1, sse4.2, popcnt, avx, ht, tsc, tscinvbit

Memory: 4k page, physical 8335216k(1721576k free), swap 16668568k(7472768k free)

vm_info: Java HotSpot(TM) 64-Bit Server VM (23.6-b04) for windows-amd64 JRE (1.7.0_11-b21), built on Jan 12 2013 02:38:42 by "java_re" with unknown MS VC++:1600

time: Sun Mar 09 19:50:25 2014
elapsed time: 416748 seconds

