Build started 1/17/2014 2:07:01 PM.
     1>Project "C:\Users\Josh\Desktop\vnadll\vnadll.vcxproj" on node 2 (Build target(s)).
     1>ClCompile:
         C:\Program Files (x86)\Microsoft Visual Studio 12.0\VC\bin\CL.exe /c /ZI /nologo /W3 /WX- /Od /Oy- /D WIN32 /D _DEBUG /D _WINDOWS /D _VC80_UPGRADE=0x0600 /D _WINDLL /Gm /EHsc /MTd /GS /fp:precise /Zc:wchar_t /Zc:forScope /Fo".\Debug/" /Fd".\Debug/vc120.pdb" /FR".\Debug\\" /Gd /TP /analyze- /errorReport:prompt io32.cpp vnaio.cpp vnawrapper.cpp
         vnawrapper.cpp
         vnaio.cpp
     1>c:\users\josh\desktop\vnadll\vnaio.cpp(229): warning C4800: 'BOOL' : forcing value to bool 'true' or 'false' (performance warning)
     1>c:\users\josh\desktop\vnadll\vnaio.cpp(307): warning C4800: 'BOOL' : forcing value to bool 'true' or 'false' (performance warning)
     1>c:\users\josh\desktop\vnadll\vnaio.cpp(317): warning C4800: 'BOOL' : forcing value to bool 'true' or 'false' (performance warning)
     1>c:\users\josh\desktop\vnadll\vnaio.cpp(327): warning C4800: 'BOOL' : forcing value to bool 'true' or 'false' (performance warning)
     1>c:\users\josh\desktop\vnadll\vnaio.cpp(405): warning C4800: 'BOOL' : forcing value to bool 'true' or 'false' (performance warning)
     1>c:\users\josh\desktop\vnadll\vnaio.cpp(515): warning C4800: 'BOOL' : forcing value to bool 'true' or 'false' (performance warning)
         io32.cpp
         Generating Code...
       ResourceCompile:
         C:\Program Files (x86)\Windows Kits\8.1\bin\x86\rc.exe /D _DEBUG /D _VC80_UPGRADE=0x0600 /l"0x0809" /nologo /fo".\Debug\vnadll.res" vnadll.rc 
       Link:
         C:\Program Files (x86)\Microsoft Visual Studio 12.0\VC\bin\link.exe /ERRORREPORT:PROMPT /OUT:".\Debug/vnadll.dll" /INCREMENTAL /NOLOGO kernel32.lib user32.lib gdi32.lib winspool.lib comdlg32.lib advapi32.lib shell32.lib ole32.lib oleaut32.lib uuid.lib odbc32.lib odbccp32.lib /NODEFAULTLIB:libcmt /DEF:".\vnadll.def" /MANIFEST /MANIFESTUAC:"level='asInvoker' uiAccess='false'" /manifest:embed /DEBUG /PDB:".\Debug/vnadll.pdb" /SUBSYSTEM:WINDOWS /TLBID:1 /DYNAMICBASE /NXCOMPAT /IMPLIB:".\Debug/vnadll.lib" /MACHINE:X86 /SAFESEH /DLL CyAPI\lib\CyAPI.lib
         .\Debug\vnadll.res
         .\Debug/io32.obj
         .\Debug/vnaio.obj
         .\Debug/vnawrapper.obj
     1>io32.obj : warning LNK4075: ignoring '/EDITANDCONTINUE' due to '/SAFESEH' specification
            Creating library .\Debug/vnadll.lib and object .\Debug/vnadll.exp
         vnadll.vcxproj -> C:\Users\Josh\Desktop\vnadll\.\Debug\vnadll.dll
       BscMake:
         C:\Program Files (x86)\Microsoft Visual Studio 12.0\VC\bin\bscmake.exe /nologo /o".\Debug/vnadll.bsc" .\Debug\io32.sbr .\Debug\vnaio.sbr .\Debug\vnawrapper.sbr
     1>Done Building Project "C:\Users\Josh\Desktop\vnadll\vnadll.vcxproj" (Build target(s)).

Build succeeded.

Time Elapsed 00:00:16.88
