Build started 10/22/15 4:43:29 PM.
     1>Project "D:\Dropbox\Northwestern University\My Research\MATLAB\MATLAB GUI\myvna_matlab\AccessMyVNAv0.7\AccessMyVNA\AccessMyVNA.vcxproj" on node 2 (Rebuild target(s)).
     1>ClCompile:
         D:\Program files\Microsoft Visual Studio 12.0\VC\bin\CL.exe /c /ZI /nologo /W3 /WX- /Od /Oy- /D WIN32 /D _WINDOWS /D _DEBUG /D _UNICODE /D UNICODE /D _AFXDLL /Gm /EHsc /RTC1 /MDd /GS /fp:precise /Zc:wchar_t /Zc:forScope /Yc"stdafx.h" /Fp"Debug\AccessMyVNA.pch" /Fo"Debug\\" /Fd"Debug\vc120.pdb" /Gd /TP /analyze- /errorReport:prompt stdafx.cpp
         stdafx.cpp
         D:\Program files\Microsoft Visual Studio 12.0\VC\bin\CL.exe /c /ZI /nologo /W3 /WX- /Od /Oy- /D WIN32 /D _WINDOWS /D _DEBUG /D _UNICODE /D UNICODE /D _AFXDLL /Gm /EHsc /RTC1 /MDd /GS /fp:precise /Zc:wchar_t /Zc:forScope /Yu"stdafx.h" /Fp"Debug\AccessMyVNA.pch" /Fo"Debug\\" /Fd"Debug\vc120.pdb" /Gd /TP /analyze- /errorReport:prompt AccessMyVNA.cpp AccessMyVNADlg.cpp
         AccessMyVNADlg.cpp
     1>d:\dropbox\northwestern university\my research\matlab\matlab gui\myvna_matlab\accessmyvnav0.7\accessmyvna\accessmyvnadlg.cpp(1206): warning C4101: 'success' : unreferenced local variable
         AccessMyVNA.cpp
         Generating Code...
       ResourceCompile:
         C:\Program Files (x86)\Windows Kits\8.1\bin\x86\rc.exe /D _DEBUG /D _UNICODE /D UNICODE /D _AFXDLL /l"0x0409" /IDebug\ /nologo /fo"Debug\AccessMyVNA.res" AccessMyVNA.rc 
       Link:
         D:\Program files\Microsoft Visual Studio 12.0\VC\bin\link.exe /ERRORREPORT:PROMPT /OUT:"D:\Dropbox\Northwestern University\My Research\MATLAB\MATLAB GUI\myvna_matlab\AccessMyVNAv0.7\Debug\AccessMyVNA.exe" /INCREMENTAL /NOLOGO /MANIFEST /MANIFESTUAC:"level='asInvoker' uiAccess='false'" /manifest:embed /manifestinput:"D:\Program files\Microsoft Visual Studio 12.0\VC\Include\Manifest\dpiaware.manifest" /DEBUG /PDB:"D:\Dropbox\Northwestern University\My Research\MATLAB\MATLAB GUI\myvna_matlab\AccessMyVNAv0.7\Debug\AccessMyVNA.pdb" /SUBSYSTEM:WINDOWS /TLBID:1 /ENTRY:"wWinMainCRTStartup" /DYNAMICBASE /NXCOMPAT /IMPLIB:"D:\Dropbox\Northwestern University\My Research\MATLAB\MATLAB GUI\myvna_matlab\AccessMyVNAv0.7\Debug\AccessMyVNA.lib" /MACHINE:X86 /SAFESEH Debug\AccessMyVNA.res
         Debug\AccessMyVNA.obj
         Debug\AccessMyVNADlg.obj
         Debug\stdafx.obj
         "D:\Dropbox\Northwestern University\My Research\MATLAB\MATLAB GUI\myvna_matlab\AccessMyVNAv0.7\Debug\AccessMyVNAdll.lib"
     1>AccessMyVNA.obj : warning LNK4075: ignoring '/EDITANDCONTINUE' due to '/SAFESEH' specification
         AccessMyVNA.vcxproj -> D:\Dropbox\Northwestern University\My Research\MATLAB\MATLAB GUI\myvna_matlab\AccessMyVNAv0.7\Debug\AccessMyVNA.exe
     1>Done Building Project "D:\Dropbox\Northwestern University\My Research\MATLAB\MATLAB GUI\myvna_matlab\AccessMyVNAv0.7\AccessMyVNA\AccessMyVNA.vcxproj" (Rebuild target(s)).

Build succeeded.

Time Elapsed 00:00:02.48
